Arguments: 
  C:\Program Files\nodejs\node.exe C:\Users\ace\AppData\Roaming\npm\node_modules\yarn\bin\yarn.js add @umijs/fabric --dev

PATH: 
  C:\Windows\system32;C:\Windows;C:\Windows\System32\Wbem;C:\Windows\System32\WindowsPowerShell\v1.0\;C:\Windows\System32\OpenSSH\;C:\Program Files\WireGuard\;E:\Git\cmd;C:\Program Files (x86)\dotnet\;C:\Program Files\nodejs\;C:\Users\ace\AppData\Local\Microsoft\WindowsApps;C:\Users\ace\AppData\Local\Programs\Microsoft VS Code\bin;E:\Bandizip\;C:\Users\ace\AppData\Local\GitHubDesktop\bin;C:\Users\ace\AppData\Roaming\npm;E:\IntelliJ IDEA 2021.1.3\bin;

Yarn version: 
  1.22.10

Node version: 
  14.16.1

Platform: 
  win32 x64

Trace: 
  Error: read ECONNRESET
      at TLSWrap.onStreamRead (internal/stream_base_commons.js:209:20)

npm manifest: 
  {
    "name": "react-zhang-ui",
    "version": "1.0.0",
    "description": "",
    "main": "index.js",
    "scripts": {
      "test": "echo \"Error: no test specified\" && exit 1"
    },
    "keywords": [],
    "author": "",
    "license": "ISC"
  }

yarn manifest: 
  No manifest

Lockfile: 
  No lockfile
